执行日期：2015-08-08-05:48:58
【接收到的notify通知】:
<xml><appid><![CDATA[wxbaa530cf1b4db9fc]]></appid>
<bank_type><![CDATA[CFT]]></bank_type>
<cash_fee><![CDATA[1]]></cash_fee>
<fee_type><![CDATA[CNY]]></fee_type>
<is_subscribe><![CDATA[N]]></is_subscribe>
<mch_id><![CDATA[1251444201]]></mch_id>
<nonce_str><![CDATA[4y73kdqd9e32mevvad0emlz4oym8j0fy]]></nonce_str>
<openid><![CDATA[o9vYNsyfSDytTkNajr82hysprZmA]]></openid>
<out_trade_no><![CDATA[wxbaa530cf1b4db9fc1439012929]]></out_trade_no>
<result_code><![CDATA[SUCCESS]]></result_code>
<return_code><![CDATA[SUCCESS]]></return_code>
<sign><![CDATA[1870DF8C01F563A11EF8CF7671992022]]></sign>
<time_end><![CDATA[20150808140913]]></time_end>
<total_fee>1</total_fee>
<trade_type><![CDATA[JSAPI]]></trade_type>
<transaction_id><![CDATA[1000480893201508080577271491]]></transaction_id>
</xml>


执行日期：2015-08-08-05:48:58
【支付成功】:
<xml><appid><![CDATA[wxbaa530cf1b4db9fc]]></appid>
<bank_type><![CDATA[CFT]]></bank_type>
<cash_fee><![CDATA[1]]></cash_fee>
<fee_type><![CDATA[CNY]]></fee_type>
<is_subscribe><![CDATA[N]]></is_subscribe>
<mch_id><![CDATA[1251444201]]></mch_id>
<nonce_str><![CDATA[4y73kdqd9e32mevvad0emlz4oym8j0fy]]></nonce_str>
<openid><![CDATA[o9vYNsyfSDytTkNajr82hysprZmA]]></openid>
<out_trade_no><![CDATA[wxbaa530cf1b4db9fc1439012929]]></out_trade_no>
<result_code><![CDATA[SUCCESS]]></result_code>
<return_code><![CDATA[SUCCESS]]></return_code>
<sign><![CDATA[1870DF8C01F563A11EF8CF7671992022]]></sign>
<time_end><![CDATA[20150808140913]]></time_end>
<total_fee>1</total_fee>
<trade_type><![CDATA[JSAPI]]></trade_type>
<transaction_id><![CDATA[1000480893201508080577271491]]></transaction_id>
</xml>


执行日期：2015-08-08-05:51:03
【接收到的notify通知】:
<xml><appid><![CDATA[wxbaa530cf1b4db9fc]]></appid>
<bank_type><![CDATA[CFT]]></bank_type>
<cash_fee><![CDATA[1]]></cash_fee>
<fee_type><![CDATA[CNY]]></fee_type>
<is_subscribe><![CDATA[Y]]></is_subscribe>
<mch_id><![CDATA[1251444201]]></mch_id>
<nonce_str><![CDATA[7wyefsjabdjs83i4q9rrzm9yeijwd7hm]]></nonce_str>
<openid><![CDATA[o9vYNsyfSDytTkNajr82hysprZmA]]></openid>
<out_trade_no><![CDATA[wxbaa530cf1b4db9fc1439013057]]></out_trade_no>
<result_code><![CDATA[SUCCESS]]></result_code>
<return_code><![CDATA[SUCCESS]]></return_code>
<sign><![CDATA[343B5BD8D3EB25D6640B70C4A22F9E4F]]></sign>
<time_end><![CDATA[20150808141117]]></time_end>
<total_fee>1</total_fee>
<trade_type><![CDATA[JSAPI]]></trade_type>
<transaction_id><![CDATA[1000480893201508080577300049]]></transaction_id>
</xml>


执行日期：2015-08-08-05:51:03
【支付成功】:
<xml><appid><![CDATA[wxbaa530cf1b4db9fc]]></appid>
<bank_type><![CDATA[CFT]]></bank_type>
<cash_fee><![CDATA[1]]></cash_fee>
<fee_type><![CDATA[CNY]]></fee_type>
<is_subscribe><![CDATA[Y]]></is_subscribe>
<mch_id><![CDATA[1251444201]]></mch_id>
<nonce_str><![CDATA[7wyefsjabdjs83i4q9rrzm9yeijwd7hm]]></nonce_str>
<openid><![CDATA[o9vYNsyfSDytTkNajr82hysprZmA]]></openid>
<out_trade_no><![CDATA[wxbaa530cf1b4db9fc1439013057]]></out_trade_no>
<result_code><![CDATA[SUCCESS]]></result_code>
<return_code><![CDATA[SUCCESS]]></return_code>
<sign><![CDATA[343B5BD8D3EB25D6640B70C4A22F9E4F]]></sign>
<time_end><![CDATA[20150808141117]]></time_end>
<total_fee>1</total_fee>
<trade_type><![CDATA[JSAPI]]></trade_type>
<transaction_id><![CDATA[1000480893201508080577300049]]></transaction_id>
</xml>


执行日期：2015-08-08-05:57:24
【接收到的notify通知】:
<xml><appid><![CDATA[wxbaa530cf1b4db9fc]]></appid>
<bank_type><![CDATA[CFT]]></bank_type>
<cash_fee><![CDATA[1]]></cash_fee>
<fee_type><![CDATA[CNY]]></fee_type>
<is_subscribe><![CDATA[Y]]></is_subscribe>
<mch_id><![CDATA[1251444201]]></mch_id>
<nonce_str><![CDATA[f2o0ifn0nisbfc6lqmpts23d2qt3i7wh]]></nonce_str>
<openid><![CDATA[o9vYNsyIwNELGctcSR3b7qZhk2nk]]></openid>
<out_trade_no><![CDATA[wxbaa530cf1b4db9fc1439013388]]></out_trade_no>
<result_code><![CDATA[SUCCESS]]></result_code>
<return_code><![CDATA[SUCCESS]]></return_code>
<sign><![CDATA[8EA3CD030C491C86656A902D09D97A95]]></sign>
<time_end><![CDATA[20150808141738]]></time_end>
<total_fee>1</total_fee>
<trade_type><![CDATA[JSAPI]]></trade_type>
<transaction_id><![CDATA[1000420893201508080577332270]]></transaction_id>
</xml>


执行日期：2015-08-08-05:57:24
【支付成功】:
<xml><appid><![CDATA[wxbaa530cf1b4db9fc]]></appid>
<bank_type><![CDATA[CFT]]></bank_type>
<cash_fee><![CDATA[1]]></cash_fee>
<fee_type><![CDATA[CNY]]></fee_type>
<is_subscribe><![CDATA[Y]]></is_subscribe>
<mch_id><![CDATA[1251444201]]></mch_id>
<nonce_str><![CDATA[f2o0ifn0nisbfc6lqmpts23d2qt3i7wh]]></nonce_str>
<openid><![CDATA[o9vYNsyIwNELGctcSR3b7qZhk2nk]]></openid>
<out_trade_no><![CDATA[wxbaa530cf1b4db9fc1439013388]]></out_trade_no>
<result_code><![CDATA[SUCCESS]]></result_code>
<return_code><![CDATA[SUCCESS]]></return_code>
<sign><![CDATA[8EA3CD030C491C86656A902D09D97A95]]></sign>
<time_end><![CDATA[20150808141738]]></time_end>
<total_fee>1</total_fee>
<trade_type><![CDATA[JSAPI]]></trade_type>
<transaction_id><![CDATA[1000420893201508080577332270]]></transaction_id>
</xml>


执行日期：2015-08-08-14:00:52
【接收到的notify通知】:
<xml><appid><![CDATA[wxbaa530cf1b4db9fc]]></appid>
<bank_type><![CDATA[CFT]]></bank_type>
<cash_fee><![CDATA[1]]></cash_fee>
<fee_type><![CDATA[CNY]]></fee_type>
<is_subscribe><![CDATA[Y]]></is_subscribe>
<mch_id><![CDATA[1251444201]]></mch_id>
<nonce_str><![CDATA[84zono3p8fjfyq0bh979qhjls35opg08]]></nonce_str>
<openid><![CDATA[o9vYNsyfSDytTkNajr82hysprZmA]]></openid>
<out_trade_no><![CDATA[wxbaa530cf1b4db9fc1439013644]]></out_trade_no>
<result_code><![CDATA[SUCCESS]]></result_code>
<return_code><![CDATA[SUCCESS]]></return_code>
<sign><![CDATA[866AC438D13BA7441C3FE9145010C4E1]]></sign>
<time_end><![CDATA[20150808142105]]></time_end>
<total_fee>1</total_fee>
<trade_type><![CDATA[JSAPI]]></trade_type>
<transaction_id><![CDATA[1000480893201508080577362088]]></transaction_id>
</xml>


执行日期：2015-08-08-14:00:52
【支付成功】:
<xml><appid><![CDATA[wxbaa530cf1b4db9fc]]></appid>
<bank_type><![CDATA[CFT]]></bank_type>
<cash_fee><![CDATA[1]]></cash_fee>
<fee_type><![CDATA[CNY]]></fee_type>
<is_subscribe><![CDATA[Y]]></is_subscribe>
<mch_id><![CDATA[1251444201]]></mch_id>
<nonce_str><![CDATA[84zono3p8fjfyq0bh979qhjls35opg08]]></nonce_str>
<openid><![CDATA[o9vYNsyfSDytTkNajr82hysprZmA]]></openid>
<out_trade_no><![CDATA[wxbaa530cf1b4db9fc1439013644]]></out_trade_no>
<result_code><![CDATA[SUCCESS]]></result_code>
<return_code><![CDATA[SUCCESS]]></return_code>
<sign><![CDATA[866AC438D13BA7441C3FE9145010C4E1]]></sign>
<time_end><![CDATA[20150808142105]]></time_end>
<total_fee>1</total_fee>
<trade_type><![CDATA[JSAPI]]></trade_type>
<transaction_id><![CDATA[1000480893201508080577362088]]></transaction_id>
</xml>


